<?xml version="1.0" encoding="UTF-8"?>
<!-- Generated by org.testng.reporters.JUnitXMLReporter -->
<testsuite hostname="John-PC" name="Default test" tests="1" failures="0" timestamp="14 Jan 2017 17:08:30 GMT" time="50.945" errors="0">
  <testcase name="@BeforeClass beforeClass" time="0.0" classname="com.expedia.flightsbooking.TestNG_TestSuite">
    <failure type="org.openqa.selenium.WebDriverException" message="Failed to connect to binary FirefoxBinary(C:\Program Files\Mozilla Firefox\firefox.exe) on port 7055; process output follows: 
strictCompatibility&amp;quot;:true,&amp;quot;locales&amp;quot;:[],&amp;quot;targetApplications&amp;quot;:[{&amp;quot;id&amp;quot;:&amp;quot;{ec8030f7-c20a-464f-9b0e-13a3a9e97384}&amp;quot;,&amp;quot;minVersion&amp;quot;:&amp;quot;50.1.0&amp;quot;,&amp;quot;maxVersion&amp;quot;:&amp;quot;50.1.0&amp;quot;}],&amp;quot;targetPlatforms&amp;quot;:[],&amp;quot;seen&amp;quot;:true}
1484413680945	addons.xpi	DEBUG	getModTime: Recursive scan of {972ce4c6-7e08-4474-a285-3208198ce6fd}
1484413680947	DeferredSave.extensions.json	DEBUG	Save changes
1484413680948	addons.xpi	DEBUG	Updating database with changes to installed add-ons
1484413680948	addons.xpi-utils	DEBUG	Updating add-on states
1484413680949	addons.xpi-utils	DEBUG	Writing add-ons list
1484413680957	addons.xpi	DEBUG	Registering manifest for C:\Program Files\Mozilla Firefox\browser\features\aushelper@mozilla.org.xpi
1484413680958	addons.xpi	DEBUG	Calling bootstrap method startup on aushelper@mozilla.org version 1.0
1484413680960	addons.xpi	DEBUG	Registering manifest for C:\Program Files\Mozilla Firefox\browser\features\e10srollout@mozilla.org.xpi
1484413680961	addons.xpi	DEBUG	Calling bootstrap method startup on e10srollout@mozilla.org version 1.5
1484413680962	addons.xpi	DEBUG	Registering manifest for C:\Program Files\Mozilla Firefox\browser\features\firefox@getpocket.com.xpi
1484413680964	addons.xpi	DEBUG	Calling bootstrap method startup on firefox@getpocket.com version 1.0.5
1484413680966	addons.xpi	DEBUG	Registering manifest for C:\Program Files\Mozilla Firefox\browser\features\webcompat@mozilla.org.xpi
1484413680967	addons.xpi	DEBUG	Calling bootstrap method startup on webcompat@mozilla.org version 1.0
1484413680971	addons.manager	DEBUG	Registering shutdown blocker for XPIProvider
1484413680972	addons.manager	DEBUG	Provider finished startup: XPIProvider
1484413680974	addons.manager	DEBUG	Starting provider: LightweightThemeManager
1484413680976	addons.manager	DEBUG	Registering shutdown blocker for LightweightThemeManager
1484413680976	addons.manager	DEBUG	Provider finished startup: LightweightThemeManager
1484413680977	addons.manager	DEBUG	Starting provider: GMPProvider
1484413680993	addons.manager	DEBUG	Registering shutdown blocker for GMPProvider
1484413680994	addons.manager	DEBUG	Provider finished startup: GMPProvider
1484413680994	addons.manager	DEBUG	Starting provider: PluginProvider
1484413680995	addons.manager	DEBUG	Registering shutdown blocker for PluginProvider
1484413680996	addons.manager	DEBUG	Provider finished startup: PluginProvider
1484413680997	addons.manager	DEBUG	Completed startup sequence
[GFX1]: Potential driver version mismatch ignored due to missing DLLs 0.0.0.0 and 0.0.0.0
Crash Annotation GraphicsCriticalError: |[0][GFX1]: D3D11 device creation failed: 0x887a0004 (t=49.0288) [GFX1]: D3D11 device creation failed: 0x887a0004
1484413685523	addons.manager	DEBUG	Starting provider: &amp;lt;unnamed-provider&amp;gt;
1484413685523	addons.manager	DEBUG	Registering shutdown blocker for &amp;lt;unnamed-provider&amp;gt;
1484413685524	addons.manager	DEBUG	Provider finished startup: &amp;lt;unnamed-provider&amp;gt;
1484413686692	DeferredSave.extensions.json	DEBUG	Write succeeded
1484413686692	addons.xpi-utils	DEBUG	XPI Database saved, setting schema version preference to 17
1484413686693	DeferredSave.extensions.json	DEBUG	Starting timer
1484413686714	addons.repository	DEBUG	No addons.json found.
1484413686715	DeferredSave.addons.json	DEBUG	Save changes
1484413686736	DeferredSave.addons.json	DEBUG	Starting timer
1484413687940	addons.manager	DEBUG	Starting provider: PreviousExperimentProvider
1484413687940	addons.manager	DEBUG	Registering shutdown blocker for PreviousExperimentProvider
1484413687940	addons.manager	DEBUG	Provider finished startup: PreviousExperimentProvider
1484413687945	DeferredSave.extensions.json	DEBUG	Starting write
1484413687950	DeferredSave.addons.json	DEBUG	Starting write
1484413688017	DeferredSave.extensions.json	DEBUG	Write succeeded
1484413688027	DeferredSave.addons.json	DEBUG	Write succeeded
Crash Annotation GraphicsCriticalError: |[C0][GFX1]: Potential driver version mismatch ignored due to missing DLLs 0.0.0.0 and 0.0.0.0 (t=8.79822) [GFX1]: Potential driver version mismatch ignored due to missing DLLs 0.0.0.0 and 0.0.0.0

Build info: version: &amp;apos;2.46.0&amp;apos;, revision: &amp;apos;61506a4624b13675f24581e453592342b7485d71&amp;apos;, time: &amp;apos;2015-06-04 10:22:50&amp;apos;
System info: host: &amp;apos;John-PC&amp;apos;, ip: &amp;apos;192.168.0.12&amp;apos;, os.name: &amp;apos;Windows 7&amp;apos;, os.arch: &amp;apos;x86&amp;apos;, os.version: &amp;apos;6.1&amp;apos;, java.version: &amp;apos;1.8.0_112&amp;apos;
Driver info: driver.version: FirefoxDriver">
      <![CDATA[org.openqa.selenium.WebDriverException: Failed to connect to binary FirefoxBinary(C:\Program Files\Mozilla Firefox\firefox.exe) on port 7055; process output follows: 
strictCompatibility":true,"locales":[],"targetApplications":[{"id":"{ec8030f7-c20a-464f-9b0e-13a3a9e97384}","minVersion":"50.1.0","maxVersion":"50.1.0"}],"targetPlatforms":[],"seen":true}
1484413680945	addons.xpi	DEBUG	getModTime: Recursive scan of {972ce4c6-7e08-4474-a285-3208198ce6fd}
1484413680947	DeferredSave.extensions.json	DEBUG	Save changes
1484413680948	addons.xpi	DEBUG	Updating database with changes to installed add-ons
1484413680948	addons.xpi-utils	DEBUG	Updating add-on states
1484413680949	addons.xpi-utils	DEBUG	Writing add-ons list
1484413680957	addons.xpi	DEBUG	Registering manifest for C:\Program Files\Mozilla Firefox\browser\features\aushelper@mozilla.org.xpi
1484413680958	addons.xpi	DEBUG	Calling bootstrap method startup on aushelper@mozilla.org version 1.0
1484413680960	addons.xpi	DEBUG	Registering manifest for C:\Program Files\Mozilla Firefox\browser\features\e10srollout@mozilla.org.xpi
1484413680961	addons.xpi	DEBUG	Calling bootstrap method startup on e10srollout@mozilla.org version 1.5
1484413680962	addons.xpi	DEBUG	Registering manifest for C:\Program Files\Mozilla Firefox\browser\features\firefox@getpocket.com.xpi
1484413680964	addons.xpi	DEBUG	Calling bootstrap method startup on firefox@getpocket.com version 1.0.5
1484413680966	addons.xpi	DEBUG	Registering manifest for C:\Program Files\Mozilla Firefox\browser\features\webcompat@mozilla.org.xpi
1484413680967	addons.xpi	DEBUG	Calling bootstrap method startup on webcompat@mozilla.org version 1.0
1484413680971	addons.manager	DEBUG	Registering shutdown blocker for XPIProvider
1484413680972	addons.manager	DEBUG	Provider finished startup: XPIProvider
1484413680974	addons.manager	DEBUG	Starting provider: LightweightThemeManager
1484413680976	addons.manager	DEBUG	Registering shutdown blocker for LightweightThemeManager
1484413680976	addons.manager	DEBUG	Provider finished startup: LightweightThemeManager
1484413680977	addons.manager	DEBUG	Starting provider: GMPProvider
1484413680993	addons.manager	DEBUG	Registering shutdown blocker for GMPProvider
1484413680994	addons.manager	DEBUG	Provider finished startup: GMPProvider
1484413680994	addons.manager	DEBUG	Starting provider: PluginProvider
1484413680995	addons.manager	DEBUG	Registering shutdown blocker for PluginProvider
1484413680996	addons.manager	DEBUG	Provider finished startup: PluginProvider
1484413680997	addons.manager	DEBUG	Completed startup sequence
[GFX1]: Potential driver version mismatch ignored due to missing DLLs 0.0.0.0 and 0.0.0.0
Crash Annotation GraphicsCriticalError: |[0][GFX1]: D3D11 device creation failed: 0x887a0004 (t=49.0288) [GFX1]: D3D11 device creation failed: 0x887a0004
1484413685523	addons.manager	DEBUG	Starting provider: <unnamed-provider>
1484413685523	addons.manager	DEBUG	Registering shutdown blocker for <unnamed-provider>
1484413685524	addons.manager	DEBUG	Provider finished startup: <unnamed-provider>
1484413686692	DeferredSave.extensions.json	DEBUG	Write succeeded
1484413686692	addons.xpi-utils	DEBUG	XPI Database saved, setting schema version preference to 17
1484413686693	DeferredSave.extensions.json	DEBUG	Starting timer
1484413686714	addons.repository	DEBUG	No addons.json found.
1484413686715	DeferredSave.addons.json	DEBUG	Save changes
1484413686736	DeferredSave.addons.json	DEBUG	Starting timer
1484413687940	addons.manager	DEBUG	Starting provider: PreviousExperimentProvider
1484413687940	addons.manager	DEBUG	Registering shutdown blocker for PreviousExperimentProvider
1484413687940	addons.manager	DEBUG	Provider finished startup: PreviousExperimentProvider
1484413687945	DeferredSave.extensions.json	DEBUG	Starting write
1484413687950	DeferredSave.addons.json	DEBUG	Starting write
1484413688017	DeferredSave.extensions.json	DEBUG	Write succeeded
1484413688027	DeferredSave.addons.json	DEBUG	Write succeeded
Crash Annotation GraphicsCriticalError: |[C0][GFX1]: Potential driver version mismatch ignored due to missing DLLs 0.0.0.0 and 0.0.0.0 (t=8.79822) [GFX1]: Potential driver version mismatch ignored due to missing DLLs 0.0.0.0 and 0.0.0.0

Build info: version: '2.46.0', revision: '61506a4624b13675f24581e453592342b7485d71', time: '2015-06-04 10:22:50'
System info: host: 'John-PC', ip: '192.168.0.12', os.name: 'Windows 7', os.arch: 'x86', os.version: '6.1', java.version: '1.8.0_112'
Driver info: driver.version: FirefoxDriver
	at org.openqa.selenium.firefox.internal.NewProfileExtensionConnection.start(NewProfileExtensionConnection.java:132)
	at org.openqa.selenium.firefox.FirefoxDriver.startClient(FirefoxDriver.java:275)
	at org.openqa.selenium.remote.RemoteWebDriver.<init>(RemoteWebDriver.java:116)
	at org.openqa.selenium.firefox.FirefoxDriver.<init>(FirefoxDriver.java:220)
	at org.openqa.selenium.firefox.FirefoxDriver.<init>(FirefoxDriver.java:215)
	at org.openqa.selenium.firefox.FirefoxDriver.<init>(FirefoxDriver.java:211)
	at org.openqa.selenium.firefox.FirefoxDriver.<init>(FirefoxDriver.java:124)
	at com.expedia.flightsbooking.TestNG_TestSuite.beforeClass(TestNG_TestSuite.java:23)
	at sun.reflect.NativeMethodAccessorImpl.invoke0(Native Method)
	at sun.reflect.NativeMethodAccessorImpl.invoke(Unknown Source)
	at sun.reflect.DelegatingMethodAccessorImpl.invoke(Unknown Source)
	at java.lang.reflect.Method.invoke(Unknown Source)
	at org.testng.internal.MethodInvocationHelper.invokeMethod(MethodInvocationHelper.java:84)
	at org.testng.internal.Invoker.invokeConfigurationMethod(Invoker.java:564)
	at org.testng.internal.Invoker.invokeConfigurations(Invoker.java:213)
	at org.testng.internal.Invoker.invokeConfigurations(Invoker.java:138)
	at org.testng.internal.TestMethodWorker.invokeBeforeClassMethods(TestMethodWorker.java:175)
	at org.testng.internal.TestMethodWorker.run(TestMethodWorker.java:107)
	at org.testng.TestRunner.privateRun(TestRunner.java:767)
	at org.testng.TestRunner.run(TestRunner.java:617)
	at org.testng.SuiteRunner.runTest(SuiteRunner.java:334)
	at org.testng.SuiteRunner.runSequentially(SuiteRunner.java:329)
	at org.testng.SuiteRunner.privateRun(SuiteRunner.java:291)
	at org.testng.SuiteRunner.run(SuiteRunner.java:240)
	at org.testng.SuiteRunnerWorker.runSuite(SuiteRunnerWorker.java:52)
	at org.testng.SuiteRunnerWorker.run(SuiteRunnerWorker.java:86)
	at org.testng.TestNG.runSuitesSequentially(TestNG.java:1224)
	at org.testng.TestNG.runSuitesLocally(TestNG.java:1149)
	at org.testng.TestNG.run(TestNG.java:1057)
	at org.testng.remote.AbstractRemoteTestNG.run(AbstractRemoteTestNG.java:132)
	at org.testng.remote.RemoteTestNG.initAndRun(RemoteTestNG.java:236)
	at org.testng.remote.RemoteTestNG.main(RemoteTestNG.java:81)
Caused by: org.openqa.selenium.firefox.NotConnectedException: Unable to connect to host 127.0.0.1 on port 7055 after 45000 ms. Firefox console output:
strictCompatibility":true,"locales":[],"targetApplications":[{"id":"{ec8030f7-c20a-464f-9b0e-13a3a9e97384}","minVersion":"50.1.0","maxVersion":"50.1.0"}],"targetPlatforms":[],"seen":true}
1484413680945	addons.xpi	DEBUG	getModTime: Recursive scan of {972ce4c6-7e08-4474-a285-3208198ce6fd}
1484413680947	DeferredSave.extensions.json	DEBUG	Save changes
1484413680948	addons.xpi	DEBUG	Updating database with changes to installed add-ons
1484413680948	addons.xpi-utils	DEBUG	Updating add-on states
1484413680949	addons.xpi-utils	DEBUG	Writing add-ons list
1484413680957	addons.xpi	DEBUG	Registering manifest for C:\Program Files\Mozilla Firefox\browser\features\aushelper@mozilla.org.xpi
1484413680958	addons.xpi	DEBUG	Calling bootstrap method startup on aushelper@mozilla.org version 1.0
1484413680960	addons.xpi	DEBUG	Registering manifest for C:\Program Files\Mozilla Firefox\browser\features\e10srollout@mozilla.org.xpi
1484413680961	addons.xpi	DEBUG	Calling bootstrap method startup on e10srollout@mozilla.org version 1.5
1484413680962	addons.xpi	DEBUG	Registering manifest for C:\Program Files\Mozilla Firefox\browser\features\firefox@getpocket.com.xpi
1484413680964	addons.xpi	DEBUG	Calling bootstrap method startup on firefox@getpocket.com version 1.0.5
1484413680966	addons.xpi	DEBUG	Registering manifest for C:\Program Files\Mozilla Firefox\browser\features\webcompat@mozilla.org.xpi
1484413680967	addons.xpi	DEBUG	Calling bootstrap method startup on webcompat@mozilla.org version 1.0
1484413680971	addons.manager	DEBUG	Registering shutdown blocker for XPIProvider
1484413680972	addons.manager	DEBUG	Provider finished startup: XPIProvider
1484413680974	addons.manager	DEBUG	Starting provider: LightweightThemeManager
1484413680976	addons.manager	DEBUG	Registering shutdown blocker for LightweightThemeManager
1484413680976	addons.manager	DEBUG	Provider finished startup: LightweightThemeManager
1484413680977	addons.manager	DEBUG	Starting provider: GMPProvider
1484413680993	addons.manager	DEBUG	Registering shutdown blocker for GMPProvider
1484413680994	addons.manager	DEBUG	Provider finished startup: GMPProvider
1484413680994	addons.manager	DEBUG	Starting provider: PluginProvider
1484413680995	addons.manager	DEBUG	Registering shutdown blocker for PluginProvider
1484413680996	addons.manager	DEBUG	Provider finished startup: PluginProvider
1484413680997	addons.manager	DEBUG	Completed startup sequence
[GFX1]: Potential driver version mismatch ignored due to missing DLLs 0.0.0.0 and 0.0.0.0
Crash Annotation GraphicsCriticalError: |[0][GFX1]: D3D11 device creation failed: 0x887a0004 (t=49.0288) [GFX1]: D3D11 device creation failed: 0x887a0004
1484413685523	addons.manager	DEBUG	Starting provider: <unnamed-provider>
1484413685523	addons.manager	DEBUG	Registering shutdown blocker for <unnamed-provider>
1484413685524	addons.manager	DEBUG	Provider finished startup: <unnamed-provider>
1484413686692	DeferredSave.extensions.json	DEBUG	Write succeeded
1484413686692	addons.xpi-utils	DEBUG	XPI Database saved, setting schema version preference to 17
1484413686693	DeferredSave.extensions.json	DEBUG	Starting timer
1484413686714	addons.repository	DEBUG	No addons.json found.
1484413686715	DeferredSave.addons.json	DEBUG	Save changes
1484413686736	DeferredSave.addons.json	DEBUG	Starting timer
1484413687940	addons.manager	DEBUG	Starting provider: PreviousExperimentProvider
1484413687940	addons.manager	DEBUG	Registering shutdown blocker for PreviousExperimentProvider
1484413687940	addons.manager	DEBUG	Provider finished startup: PreviousExperimentProvider
1484413687945	DeferredSave.extensions.json	DEBUG	Starting write
1484413687950	DeferredSave.addons.json	DEBUG	Starting write
1484413688017	DeferredSave.extensions.json	DEBUG	Write succeeded
1484413688027	DeferredSave.addons.json	DEBUG	Write succeeded
Crash Annotation GraphicsCriticalError: |[C0][GFX1]: Potential driver version mismatch ignored due to missing DLLs 0.0.0.0 and 0.0.0.0 (t=8.79822) [GFX1]: Potential driver version mismatch ignored due to missing DLLs 0.0.0.0 and 0.0.0.0

	at org.openqa.selenium.firefox.internal.NewProfileExtensionConnection.start(NewProfileExtensionConnection.java:120)
	... 31 more
]]>
    </failure>
  </testcase> <!-- @BeforeClass beforeClass -->
  <testcase name="@AfterClass afterClass" time="0.0" classname="com.expedia.flightsbooking.TestNG_TestSuite">
    <skipped/>
  </testcase> <!-- @AfterClass afterClass -->
  <testcase name="fillBasicInfo" time="0.01" classname="com.expedia.flightsbooking.TestNG_TestSuite">
    <skipped/>
  </testcase> <!-- fillBasicInfo -->
</testsuite> <!-- Default test -->
