<?xml version="1.0" encoding="UTF-8"?>
<!-- Generated by org.testng.reporters.JUnitXMLReporter -->
<testsuite hostname="John-PC" name="Command line test" tests="5" failures="0" timestamp="15 Jan 2017 15:31:41 GMT" time="82.955" errors="0">
  <testcase name="AudiA6" time="0.001" classname="com.expedia.flightsbooking.TestNG_Grouping"/>
  <testcase name="BMW3Series" time="0.001" classname="com.expedia.flightsbooking.TestNG_Grouping"/>
  <testcase name="BMWX3" time="0.001" classname="com.expedia.flightsbooking.TestNG_Grouping"/>
  <testcase name="HondaAccord" time="0.0" classname="com.expedia.flightsbooking.TestNG_Grouping"/>
  <testcase name="fillBasicInfo" time="6.639" classname="com.expedia.flightsbooking.TestNG_TestSuite"/>
</testsuite> <!-- Command line test -->
