<?xml version="1.0" encoding="UTF-8"?>
<testng-results skipped="0" failed="0" total="1" passed="1">
  <reporter-output>
  </reporter-output>
  <suite name="Regression TestSuite" duration-ms="30726" started-at="2017-01-14T17:17:44Z" finished-at="2017-01-14T17:18:15Z">
    <groups>
    </groups>
    <test name="FireFox Test" duration-ms="30726" started-at="2017-01-14T17:17:44Z" finished-at="2017-01-14T17:18:15Z">
      <class name="com.expedia.flightsbooking.TestNG_TestSuite">
        <test-method status="PASS" signature="beforeClass()[pri:0, instance:com.expedia.flightsbooking.TestNG_TestSuite@8e7350]" name="beforeClass" is-config="true" duration-ms="21934" started-at="2017-01-14T12:17:44Z" finished-at="2017-01-14T12:18:06Z">
          <reporter-output>
          </reporter-output>
        </test-method> <!-- beforeClass -->
        <test-method status="PASS" signature="fillBasicInfo()[pri:0, instance:com.expedia.flightsbooking.TestNG_TestSuite@8e7350]" name="fillBasicInfo" duration-ms="6934" started-at="2017-01-14T12:18:06Z" finished-at="2017-01-14T12:18:13Z">
          <reporter-output>
          </reporter-output>
        </test-method> <!-- fillBasicInfo -->
        <test-method status="PASS" signature="afterClass()[pri:0, instance:com.expedia.flightsbooking.TestNG_TestSuite@8e7350]" name="afterClass" is-config="true" duration-ms="1822" started-at="2017-01-14T12:18:13Z" finished-at="2017-01-14T12:18:15Z">
          <reporter-output>
          </reporter-output>
        </test-method> <!-- afterClass -->
      </class> <!-- com.expedia.flightsbooking.TestNG_TestSuite -->
    </test> <!-- FireFox Test -->
  </suite> <!-- Regression TestSuite -->
</testng-results>
