<?xml version="1.0" encoding="UTF-8"?>
<!-- Generated by org.testng.reporters.JUnitXMLReporter -->
<testsuite hostname="John-PC" name="ExpediaSearchPage" tests="4" failures="0" timestamp="14 Jan 2017 17:14:46 GMT" time="0.195" errors="0">
  <testcase name="AudiA6" time="0.02" classname="com.expedia.flightsbooking.TestNG_Grouping"/>
  <testcase name="BMW3Series" time="0.005" classname="com.expedia.flightsbooking.TestNG_Grouping"/>
  <testcase name="BMWX3" time="0.004" classname="com.expedia.flightsbooking.TestNG_Grouping"/>
  <testcase name="HondaAccord" time="0.004" classname="com.expedia.flightsbooking.TestNG_Grouping"/>
</testsuite> <!-- ExpediaSearchPage -->
